<?xml version="1.0" encoding="UTF-8"?>
<!-- Generated by org.testng.reporters.JUnitXMLReporter -->
<testsuite ignored="0" hostname="WKWZTM099vIwucL" failures="0" tests="25" name="Test" time="52.846" errors="0" timestamp="2022-11-28T08:31:24 IST">
  <testcase classname="day3.TestNG1" name="createAccount" time="0.007"/>
  <testcase classname="day3.AssertionDemo" name="test1" time="0.009"/>
  <testcase classname="day3.TestNG1" name="deleteAccount" time="0.0"/>
  <testcase classname="day3.AssertionDemo" name="test2" time="0.0"/>
  <testcase classname="day3.TestNG1" name="logoutAccount" time="0.001"/>
  <testcase classname="day3.TestNG1" name="login" time="0.0"/>
  <testcase classname="day3.Ineuron" name="test22" time="6.503"/>
  <testcase classname="day1.MyFirstSeleniumScript3" name="test2" time="6.759"/>
  <testcase classname="day3.AssertionDemo" name="test3" time="0.0"/>
  <testcase classname="day1.MyFirstSeleniumScript" name="test" time="8.75"/>
  <testcase classname="day1.MyFirstSeleniumScript4" name="test3" time="4.111"/>
  <testcase classname="day2.AlertHandling" name="test5" time="4.317"/>
  <testcase classname="day2.Calender" name="test6" time="9.294"/>
  <testcase classname="day2.HandleAutoSuggestion" name="test7" time="19.004"/>
  <testcase classname="day3.LoginTest" name="verifyForgetPassword" time="0.057"/>
  <testcase classname="day1.Orange" name="test4" time="33.272"/>
  <testcase classname="day3.LoginTest" name="verifySocialMediaCount" time="0.019"/>
  <testcase classname="day3.LoginTest" name="verifyTitle" time="0.006"/>
  <testcase classname="day2.HandleDynamicElements" name="test8" time="26.13"/>
  <testcase classname="day3.LoginVerification" name="emptyUsernamePassword" time="0.145"/>
  <testcase classname="day3.LoginTest" name="verifyUrl" time="0.011"/>
  <testcase classname="day3.LoginVerification" name="emptyPassword" time="0.238"/>
  <testcase classname="day3.LoginVerification" name="emptyUsername" time="0.163"/>
  <testcase classname="day3.LoginVerification" name="invalidCredintial" time="0.767"/>
  <testcase classname="day1.Facebook" name="xtest" time="12.763"/>
</testsuite> <!-- Test -->
